<?xml version="1.0" encoding="UTF-8"?>
<testsuite xmlns:xsi="http://www.w3.org/2001/XMLSchema-instance" xsi:noNamespaceSchemaLocation="https://maven.apache.org/surefire/maven-surefire-plugin/xsd/surefire-test-report-3.0.xsd" version="3.0" name="Testcases.Testcases" time="2.773" tests="2" errors="0" skipped="0" failures="0">
  <properties>
    <property name="java.specification.version" value="21"/>
    <property name="sun.cpu.isalist" value="amd64"/>
    <property name="sun.jnu.encoding" value="Cp1252"/>
    <property name="java.class.path" value="C:\Users\gupta\eclipse-workspace\priyanka\myframework\target\test-classes;C:\Users\gupta\eclipse-workspace\priyanka\myframework\target\classes;C:\Users\gupta\.m2\repository\io\rest-assured\rest-assured\5.3.2\rest-assured-5.3.2.jar;C:\Users\gupta\.m2\repository\org\apache\groovy\groovy\4.0.11\groovy-4.0.11.jar;C:\Users\gupta\.m2\repository\org\apache\groovy\groovy-xml\4.0.11\groovy-xml-4.0.11.jar;C:\Users\gupta\.m2\repository\org\apache\httpcomponents\httpclient\4.5.13\httpclient-4.5.13.jar;C:\Users\gupta\.m2\repository\org\apache\httpcomponents\httpcore\4.4.13\httpcore-4.4.13.jar;C:\Users\gupta\.m2\repository\org\apache\httpcomponents\httpmime\4.5.13\httpmime-4.5.13.jar;C:\Users\gupta\.m2\repository\org\hamcrest\hamcrest\2.2\hamcrest-2.2.jar;C:\Users\gupta\.m2\repository\org\ccil\cowan\tagsoup\tagsoup\1.2.1\tagsoup-1.2.1.jar;C:\Users\gupta\.m2\repository\io\rest-assured\json-path\5.3.2\json-path-5.3.2.jar;C:\Users\gupta\.m2\repository\org\apache\groovy\groovy-json\4.0.11\groovy-json-4.0.11.jar;C:\Users\gupta\.m2\repository\io\rest-assured\rest-assured-common\5.3.2\rest-assured-common-5.3.2.jar;C:\Users\gupta\.m2\repository\io\rest-assured\xml-path\5.3.2\xml-path-5.3.2.jar;C:\Users\gupta\.m2\repository\org\apache\commons\commons-lang3\3.11\commons-lang3-3.11.jar;C:\Users\gupta\.m2\repository\io\rest-assured\json-schema-validator\5.3.2\json-schema-validator-5.3.2.jar;C:\Users\gupta\.m2\repository\com\github\java-json-tools\json-schema-validator\2.2.14\json-schema-validator-2.2.14.jar;C:\Users\gupta\.m2\repository\com\github\java-json-tools\jackson-coreutils-equivalence\1.0\jackson-coreutils-equivalence-1.0.jar;C:\Users\gupta\.m2\repository\com\github\java-json-tools\jackson-coreutils\2.0\jackson-coreutils-2.0.jar;C:\Users\gupta\.m2\repository\com\github\java-json-tools\msg-simple\1.2\msg-simple-1.2.jar;C:\Users\gupta\.m2\repository\com\github\java-json-tools\btf\1.3\btf-1.3.jar;C:\Users\gupta\.m2\repository\com\github\java-json-tools\json-schema-core\1.2.14\json-schema-core-1.2.14.jar;C:\Users\gupta\.m2\repository\com\github\java-json-tools\uri-template\0.10\uri-template-0.10.jar;C:\Users\gupta\.m2\repository\org\mozilla\rhino\1.7.7.2\rhino-1.7.7.2.jar;C:\Users\gupta\.m2\repository\com\sun\mail\mailapi\1.6.2\mailapi-1.6.2.jar;C:\Users\gupta\.m2\repository\joda-time\joda-time\2.10.5\joda-time-2.10.5.jar;C:\Users\gupta\.m2\repository\com\googlecode\libphonenumber\libphonenumber\8.11.1\libphonenumber-8.11.1.jar;C:\Users\gupta\.m2\repository\net\sf\jopt-simple\jopt-simple\5.0.4\jopt-simple-5.0.4.jar;C:\Users\gupta\.m2\repository\com\google\guava\guava\32.0.1-jre\guava-32.0.1-jre.jar;C:\Users\gupta\.m2\repository\com\google\guava\listenablefuture\9999.0-empty-to-avoid-conflict-with-guava\listenablefuture-9999.0-empty-to-avoid-conflict-with-guava.jar;C:\Users\gupta\.m2\repository\org\checkerframework\checker-qual\3.33.0\checker-qual-3.33.0.jar;C:\Users\gupta\.m2\repository\com\google\errorprone\error_prone_annotations\2.18.0\error_prone_annotations-2.18.0.jar;C:\Users\gupta\.m2\repository\com\google\j2objc\j2objc-annotations\2.8\j2objc-annotations-2.8.jar;C:\Users\gupta\.m2\repository\com\github\javafaker\javafaker\1.0.2\javafaker-1.0.2.jar;C:\Users\gupta\.m2\repository\org\yaml\snakeyaml\1.23\snakeyaml-1.23-android.jar;C:\Users\gupta\.m2\repository\com\github\mifmif\generex\1.0.2\generex-1.0.2.jar;C:\Users\gupta\.m2\repository\dk\brics\automaton\automaton\1.11-8\automaton-1.11-8.jar;C:\Users\gupta\.m2\repository\org\apache\logging\log4j\log4j-api\2.21.1\log4j-api-2.21.1.jar;C:\Users\gupta\.m2\repository\org\apache\logging\log4j\log4j-core\2.21.1\log4j-core-2.21.1.jar;C:\Users\gupta\.m2\repository\org\testng\testng\7.8.0\testng-7.8.0.jar;C:\Users\gupta\.m2\repository\org\slf4j\slf4j-api\1.7.36\slf4j-api-1.7.36.jar;C:\Users\gupta\.m2\repository\com\beust\jcommander\1.82\jcommander-1.82.jar;C:\Users\gupta\.m2\repository\org\webjars\jquery\3.6.1\jquery-3.6.1.jar;C:\Users\gupta\.m2\repository\org\apache\spark\spark-core_2.13\3.5.0\spark-core_2.13-3.5.0.jar;C:\Users\gupta\.m2\repository\org\scala-lang\modules\scala-parallel-collections_2.13\1.0.4\scala-parallel-collections_2.13-1.0.4.jar;C:\Users\gupta\.m2\repository\org\apache\avro\avro\1.11.2\avro-1.11.2.jar;C:\Users\gupta\.m2\repository\com\fasterxml\jackson\core\jackson-core\2.14.2\jackson-core-2.14.2.jar;C:\Users\gupta\.m2\repository\org\apache\avro\avro-mapred\1.11.2\avro-mapred-1.11.2.jar;C:\Users\gupta\.m2\repository\org\apache\avro\avro-ipc\1.11.2\avro-ipc-1.11.2.jar;C:\Users\gupta\.m2\repository\com\twitter\chill_2.13\0.10.0\chill_2.13-0.10.0.jar;C:\Users\gupta\.m2\repository\com\esotericsoftware\kryo-shaded\4.0.2\kryo-shaded-4.0.2.jar;C:\Users\gupta\.m2\repository\com\esotericsoftware\minlog\1.3.0\minlog-1.3.0.jar;C:\Users\gupta\.m2\repository\org\objenesis\objenesis\2.5.1\objenesis-2.5.1.jar;C:\Users\gupta\.m2\repository\com\twitter\chill-java\0.10.0\chill-java-0.10.0.jar;C:\Users\gupta\.m2\repository\org\apache\xbean\xbean-asm9-shaded\4.23\xbean-asm9-shaded-4.23.jar;C:\Users\gupta\.m2\repository\org\apache\hadoop\hadoop-client-api\3.3.4\hadoop-client-api-3.3.4.jar;C:\Users\gupta\.m2\repository\org\apache\hadoop\hadoop-client-runtime\3.3.4\hadoop-client-runtime-3.3.4.jar;C:\Users\gupta\.m2\repository\org\apache\spark\spark-launcher_2.13\3.5.0\spark-launcher_2.13-3.5.0.jar;C:\Users\gupta\.m2\repository\org\apache\spark\spark-kvstore_2.13\3.5.0\spark-kvstore_2.13-3.5.0.jar;C:\Users\gupta\.m2\repository\org\fusesource\leveldbjni\leveldbjni-all\1.8\leveldbjni-all-1.8.jar;C:\Users\gupta\.m2\repository\com\fasterxml\jackson\core\jackson-annotations\2.15.2\jackson-annotations-2.15.2.jar;C:\Users\gupta\.m2\repository\org\rocksdb\rocksdbjni\8.3.2\rocksdbjni-8.3.2.jar;C:\Users\gupta\.m2\repository\org\apache\spark\spark-network-common_2.13\3.5.0\spark-network-common_2.13-3.5.0.jar;C:\Users\gupta\.m2\repository\com\google\crypto\tink\tink\1.9.0\tink-1.9.0.jar;C:\Users\gupta\.m2\repository\com\google\protobuf\protobuf-java\3.19.6\protobuf-java-3.19.6.jar;C:\Users\gupta\.m2\repository\org\apache\spark\spark-network-shuffle_2.13\3.5.0\spark-network-shuffle_2.13-3.5.0.jar;C:\Users\gupta\.m2\repository\org\apache\spark\spark-unsafe_2.13\3.5.0\spark-unsafe_2.13-3.5.0.jar;C:\Users\gupta\.m2\repository\org\apache\spark\spark-common-utils_2.13\3.5.0\spark-common-utils_2.13-3.5.0.jar;C:\Users\gupta\.m2\repository\org\slf4j\jul-to-slf4j\2.0.7\jul-to-slf4j-2.0.7.jar;C:\Users\gupta\.m2\repository\org\slf4j\jcl-over-slf4j\2.0.7\jcl-over-slf4j-2.0.7.jar;C:\Users\gupta\.m2\repository\org\apache\logging\log4j\log4j-slf4j2-impl\2.20.0\log4j-slf4j2-impl-2.20.0.jar;C:\Users\gupta\.m2\repository\org\apache\logging\log4j\log4j-1.2-api\2.20.0\log4j-1.2-api-2.20.0.jar;C:\Users\gupta\.m2\repository\javax\activation\activation\1.1.1\activation-1.1.1.jar;C:\Users\gupta\.m2\repository\org\apache\curator\curator-recipes\2.13.0\curator-recipes-2.13.0.jar;C:\Users\gupta\.m2\repository\org\apache\curator\curator-framework\2.13.0\curator-framework-2.13.0.jar;C:\Users\gupta\.m2\repository\org\apache\curator\curator-client\2.13.0\curator-client-2.13.0.jar;C:\Users\gupta\.m2\repository\org\apache\zookeeper\zookeeper\3.6.3\zookeeper-3.6.3.jar;C:\Users\gupta\.m2\repository\org\apache\zookeeper\zookeeper-jute\3.6.3\zookeeper-jute-3.6.3.jar;C:\Users\gupta\.m2\repository\org\apache\yetus\audience-annotations\0.5.0\audience-annotations-0.5.0.jar;C:\Users\gupta\.m2\repository\jakarta\servlet\jakarta.servlet-api\4.0.3\jakarta.servlet-api-4.0.3.jar;C:\Users\gupta\.m2\repository\commons-codec\commons-codec\1.16.0\commons-codec-1.16.0.jar;C:\Users\gupta\.m2\repository\org\apache\commons\commons-compress\1.23.0\commons-compress-1.23.0.jar;C:\Users\gupta\.m2\repository\org\apache\commons\commons-math3\3.6.1\commons-math3-3.6.1.jar;C:\Users\gupta\.m2\repository\org\apache\commons\commons-text\1.10.0\commons-text-1.10.0.jar;C:\Users\gupta\.m2\repository\commons-collections\commons-collections\3.2.2\commons-collections-3.2.2.jar;C:\Users\gupta\.m2\repository\org\apache\commons\commons-collections4\4.4\commons-collections4-4.4.jar;C:\Users\gupta\.m2\repository\com\google\code\findbugs\jsr305\3.0.0\jsr305-3.0.0.jar;C:\Users\gupta\.m2\repository\com\ning\compress-lzf\1.1.2\compress-lzf-1.1.2.jar;C:\Users\gupta\.m2\repository\org\xerial\snappy\snappy-java\1.1.10.3\snappy-java-1.1.10.3.jar;C:\Users\gupta\.m2\repository\org\lz4\lz4-java\1.8.0\lz4-java-1.8.0.jar;C:\Users\gupta\.m2\repository\com\github\luben\zstd-jni\1.5.5-4\zstd-jni-1.5.5-4.jar;C:\Users\gupta\.m2\repository\org\roaringbitmap\RoaringBitmap\0.9.45\RoaringBitmap-0.9.45.jar;C:\Users\gupta\.m2\repository\org\roaringbitmap\shims\0.9.45\shims-0.9.45.jar;C:\Users\gupta\.m2\repository\org\scala-lang\modules\scala-xml_2.13\2.1.0\scala-xml_2.13-2.1.0.jar;C:\Users\gupta\.m2\repository\org\scala-lang\scala-library\2.13.8\scala-library-2.13.8.jar;C:\Users\gupta\.m2\repository\org\scala-lang\scala-reflect\2.13.8\scala-reflect-2.13.8.jar;C:\Users\gupta\.m2\repository\org\json4s\json4s-jackson_2.13\3.7.0-M11\json4s-jackson_2.13-3.7.0-M11.jar;C:\Users\gupta\.m2\repository\org\json4s\json4s-core_2.13\3.7.0-M11\json4s-core_2.13-3.7.0-M11.jar;C:\Users\gupta\.m2\repository\org\json4s\json4s-ast_2.13\3.7.0-M11\json4s-ast_2.13-3.7.0-M11.jar;C:\Users\gupta\.m2\repository\org\json4s\json4s-scalap_2.13\3.7.0-M11\json4s-scalap_2.13-3.7.0-M11.jar;C:\Users\gupta\.m2\repository\org\glassfish\jersey\core\jersey-client\2.40\jersey-client-2.40.jar;C:\Users\gupta\.m2\repository\jakarta\ws\rs\jakarta.ws.rs-api\2.1.6\jakarta.ws.rs-api-2.1.6.jar;C:\Users\gupta\.m2\repository\org\glassfish\hk2\external\jakarta.inject\2.6.1\jakarta.inject-2.6.1.jar;C:\Users\gupta\.m2\repository\org\glassfish\jersey\core\jersey-common\2.40\jersey-common-2.40.jar;C:\Users\gupta\.m2\repository\jakarta\annotation\jakarta.annotation-api\1.3.5\jakarta.annotation-api-1.3.5.jar;C:\Users\gupta\.m2\repository\org\glassfish\hk2\osgi-resource-locator\1.0.3\osgi-resource-locator-1.0.3.jar;C:\Users\gupta\.m2\repository\org\glassfish\jersey\core\jersey-server\2.40\jersey-server-2.40.jar;C:\Users\gupta\.m2\repository\jakarta\validation\jakarta.validation-api\2.0.2\jakarta.validation-api-2.0.2.jar;C:\Users\gupta\.m2\repository\org\glassfish\jersey\containers\jersey-container-servlet\2.40\jersey-container-servlet-2.40.jar;C:\Users\gupta\.m2\repository\org\glassfish\jersey\containers\jersey-container-servlet-core\2.40\jersey-container-servlet-core-2.40.jar;C:\Users\gupta\.m2\repository\org\glassfish\jersey\inject\jersey-hk2\2.40\jersey-hk2-2.40.jar;C:\Users\gupta\.m2\repository\org\glassfish\hk2\hk2-locator\2.6.1\hk2-locator-2.6.1.jar;C:\Users\gupta\.m2\repository\org\glassfish\hk2\external\aopalliance-repackaged\2.6.1\aopalliance-repackaged-2.6.1.jar;C:\Users\gupta\.m2\repository\org\glassfish\hk2\hk2-api\2.6.1\hk2-api-2.6.1.jar;C:\Users\gupta\.m2\repository\org\glassfish\hk2\hk2-utils\2.6.1\hk2-utils-2.6.1.jar;C:\Users\gupta\.m2\repository\org\javassist\javassist\3.29.2-GA\javassist-3.29.2-GA.jar;C:\Users\gupta\.m2\repository\io\netty\netty-all\4.1.96.Final\netty-all-4.1.96.Final.jar;C:\Users\gupta\.m2\repository\io\netty\netty-buffer\4.1.96.Final\netty-buffer-4.1.96.Final.jar;C:\Users\gupta\.m2\repository\io\netty\netty-codec\4.1.96.Final\netty-codec-4.1.96.Final.jar;C:\Users\gupta\.m2\repository\io\netty\netty-codec-http\4.1.96.Final\netty-codec-http-4.1.96.Final.jar;C:\Users\gupta\.m2\repository\io\netty\netty-codec-http2\4.1.96.Final\netty-codec-http2-4.1.96.Final.jar;C:\Users\gupta\.m2\repository\io\netty\netty-codec-socks\4.1.96.Final\netty-codec-socks-4.1.96.Final.jar;C:\Users\gupta\.m2\repository\io\netty\netty-common\4.1.96.Final\netty-common-4.1.96.Final.jar;C:\Users\gupta\.m2\repository\io\netty\netty-handler\4.1.96.Final\netty-handler-4.1.96.Final.jar;C:\Users\gupta\.m2\repository\io\netty\netty-transport-native-unix-common\4.1.96.Final\netty-transport-native-unix-common-4.1.96.Final.jar;C:\Users\gupta\.m2\repository\io\netty\netty-handler-proxy\4.1.96.Final\netty-handler-proxy-4.1.96.Final.jar;C:\Users\gupta\.m2\repository\io\netty\netty-resolver\4.1.96.Final\netty-resolver-4.1.96.Final.jar;C:\Users\gupta\.m2\repository\io\netty\netty-transport\4.1.96.Final\netty-transport-4.1.96.Final.jar;C:\Users\gupta\.m2\repository\io\netty\netty-transport-classes-epoll\4.1.96.Final\netty-transport-classes-epoll-4.1.96.Final.jar;C:\Users\gupta\.m2\repository\io\netty\netty-transport-classes-kqueue\4.1.96.Final\netty-transport-classes-kqueue-4.1.96.Final.jar;C:\Users\gupta\.m2\repository\io\netty\netty-transport-native-epoll\4.1.96.Final\netty-transport-native-epoll-4.1.96.Final-linux-x86_64.jar;C:\Users\gupta\.m2\repository\io\netty\netty-transport-native-epoll\4.1.96.Final\netty-transport-native-epoll-4.1.96.Final-linux-aarch_64.jar;C:\Users\gupta\.m2\repository\io\netty\netty-transport-native-kqueue\4.1.96.Final\netty-transport-native-kqueue-4.1.96.Final-osx-aarch_64.jar;C:\Users\gupta\.m2\repository\io\netty\netty-transport-native-kqueue\4.1.96.Final\netty-transport-native-kqueue-4.1.96.Final-osx-x86_64.jar;C:\Users\gupta\.m2\repository\com\clearspring\analytics\stream\2.9.6\stream-2.9.6.jar;C:\Users\gupta\.m2\repository\io\dropwizard\metrics\metrics-core\4.2.19\metrics-core-4.2.19.jar;C:\Users\gupta\.m2\repository\io\dropwizard\metrics\metrics-jvm\4.2.19\metrics-jvm-4.2.19.jar;C:\Users\gupta\.m2\repository\io\dropwizard\metrics\metrics-json\4.2.19\metrics-json-4.2.19.jar;C:\Users\gupta\.m2\repository\io\dropwizard\metrics\metrics-graphite\4.2.19\metrics-graphite-4.2.19.jar;C:\Users\gupta\.m2\repository\io\dropwizard\metrics\metrics-jmx\4.2.19\metrics-jmx-4.2.19.jar;C:\Users\gupta\.m2\repository\com\fasterxml\jackson\core\jackson-databind\2.15.2\jackson-databind-2.15.2.jar;C:\Users\gupta\.m2\repository\com\fasterxml\jackson\module\jackson-module-scala_2.13\2.15.2\jackson-module-scala_2.13-2.15.2.jar;C:\Users\gupta\.m2\repository\com\thoughtworks\paranamer\paranamer\2.8\paranamer-2.8.jar;C:\Users\gupta\.m2\repository\org\apache\ivy\ivy\2.5.1\ivy-2.5.1.jar;C:\Users\gupta\.m2\repository\oro\oro\2.0.8\oro-2.0.8.jar;C:\Users\gupta\.m2\repository\net\razorvine\pickle\1.3\pickle-1.3.jar;C:\Users\gupta\.m2\repository\net\sf\py4j\py4j\0.10.9.7\py4j-0.10.9.7.jar;C:\Users\gupta\.m2\repository\org\apache\spark\spark-tags_2.13\3.5.0\spark-tags_2.13-3.5.0.jar;C:\Users\gupta\.m2\repository\org\apache\commons\commons-crypto\1.1.0\commons-crypto-1.1.0.jar;C:\Users\gupta\.m2\repository\com\sparkjava\spark-core\2.9.4\spark-core-2.9.4.jar;C:\Users\gupta\.m2\repository\org\eclipse\jetty\jetty-server\9.4.48.v20220622\jetty-server-9.4.48.v20220622.jar;C:\Users\gupta\.m2\repository\javax\servlet\javax.servlet-api\3.1.0\javax.servlet-api-3.1.0.jar;C:\Users\gupta\.m2\repository\org\eclipse\jetty\jetty-io\9.4.48.v20220622\jetty-io-9.4.48.v20220622.jar;C:\Users\gupta\.m2\repository\org\eclipse\jetty\jetty-webapp\9.4.48.v20220622\jetty-webapp-9.4.48.v20220622.jar;C:\Users\gupta\.m2\repository\org\eclipse\jetty\jetty-xml\9.4.48.v20220622\jetty-xml-9.4.48.v20220622.jar;C:\Users\gupta\.m2\repository\org\eclipse\jetty\websocket\websocket-server\9.4.48.v20220622\websocket-server-9.4.48.v20220622.jar;C:\Users\gupta\.m2\repository\org\eclipse\jetty\websocket\websocket-common\9.4.48.v20220622\websocket-common-9.4.48.v20220622.jar;C:\Users\gupta\.m2\repository\org\eclipse\jetty\websocket\websocket-client\9.4.48.v20220622\websocket-client-9.4.48.v20220622.jar;C:\Users\gupta\.m2\repository\org\eclipse\jetty\jetty-client\9.4.48.v20220622\jetty-client-9.4.48.v20220622.jar;C:\Users\gupta\.m2\repository\org\eclipse\jetty\websocket\websocket-servlet\9.4.48.v20220622\websocket-servlet-9.4.48.v20220622.jar;C:\Users\gupta\.m2\repository\org\eclipse\jetty\websocket\websocket-api\9.4.48.v20220622\websocket-api-9.4.48.v20220622.jar;C:\Users\gupta\.m2\repository\com\aventstack\extentreports\5.1.1\extentreports-5.1.1.jar;C:\Users\gupta\.m2\repository\io\reactivex\rxjava3\rxjava\3.1.6\rxjava-3.1.6.jar;C:\Users\gupta\.m2\repository\org\reactivestreams\reactive-streams\1.0.4\reactive-streams-1.0.4.jar;C:\Users\gupta\.m2\repository\org\freemarker\freemarker\2.3.32\freemarker-2.3.32.jar;C:\Users\gupta\.m2\repository\org\projectlombok\lombok\1.18.26\lombok-1.18.26.jar;C:\Users\gupta\.m2\repository\com\google\code\gson\gson\2.10.1\gson-2.10.1.jar;C:\Users\gupta\.m2\repository\org\apache\maven\plugins\maven-compiler-plugin\3.11.0\maven-compiler-plugin-3.11.0.jar;C:\Users\gupta\.m2\repository\org\apache\maven\shared\maven-shared-utils\3.3.4\maven-shared-utils-3.3.4.jar;C:\Users\gupta\.m2\repository\org\apache\maven\shared\maven-shared-incremental\1.1\maven-shared-incremental-1.1.jar;C:\Users\gupta\.m2\repository\org\codehaus\plexus\plexus-component-annotations\1.5.5\plexus-component-annotations-1.5.5.jar;C:\Users\gupta\.m2\repository\org\codehaus\plexus\plexus-java\1.1.2\plexus-java-1.1.2.jar;C:\Users\gupta\.m2\repository\org\ow2\asm\asm\9.4\asm-9.4.jar;C:\Users\gupta\.m2\repository\com\thoughtworks\qdox\qdox\2.0.3\qdox-2.0.3.jar;C:\Users\gupta\.m2\repository\org\codehaus\plexus\plexus-compiler-api\2.13.0\plexus-compiler-api-2.13.0.jar;C:\Users\gupta\.m2\repository\org\codehaus\plexus\plexus-compiler-manager\2.13.0\plexus-compiler-manager-2.13.0.jar;C:\Users\gupta\.m2\repository\org\codehaus\plexus\plexus-compiler-javac\2.13.0\plexus-compiler-javac-2.13.0.jar;C:\Users\gupta\.m2\repository\org\apache\maven\maven-core\4.0.0-alpha-7\maven-core-4.0.0-alpha-7.jar;C:\Users\gupta\.m2\repository\org\apache\maven\maven-model\4.0.0-alpha-7\maven-model-4.0.0-alpha-7.jar;C:\Users\gupta\.m2\repository\org\apache\maven\maven-api-model\4.0.0-alpha-7\maven-api-model-4.0.0-alpha-7.jar;C:\Users\gupta\.m2\repository\org\apache\maven\maven-api-xml\4.0.0-alpha-7\maven-api-xml-4.0.0-alpha-7.jar;C:\Users\gupta\.m2\repository\org\apache\maven\maven-xml-impl\4.0.0-alpha-7\maven-xml-impl-4.0.0-alpha-7.jar;C:\Users\gupta\.m2\repository\org\codehaus\plexus\plexus-xml\4.0.1\plexus-xml-4.0.1.jar;C:\Users\gupta\.m2\repository\org\apache\maven\maven-settings\4.0.0-alpha-7\maven-settings-4.0.0-alpha-7.jar;C:\Users\gupta\.m2\repository\org\apache\maven\maven-api-settings\4.0.0-alpha-7\maven-api-settings-4.0.0-alpha-7.jar;C:\Users\gupta\.m2\repository\org\apache\maven\maven-settings-builder\4.0.0-alpha-7\maven-settings-builder-4.0.0-alpha-7.jar;C:\Users\gupta\.m2\repository\org\apache\maven\maven-builder-support\4.0.0-alpha-7\maven-builder-support-4.0.0-alpha-7.jar;C:\Users\gupta\.m2\repository\org\codehaus\plexus\plexus-sec-dispatcher\2.0\plexus-sec-dispatcher-2.0.jar;C:\Users\gupta\.m2\repository\org\codehaus\plexus\plexus-cipher\2.0\plexus-cipher-2.0.jar;C:\Users\gupta\.m2\repository\org\apache\maven\maven-toolchain-model\4.0.0-alpha-7\maven-toolchain-model-4.0.0-alpha-7.jar;C:\Users\gupta\.m2\repository\org\apache\maven\maven-api-toolchain\4.0.0-alpha-7\maven-api-toolchain-4.0.0-alpha-7.jar;C:\Users\gupta\.m2\repository\org\apache\maven\maven-toolchain-builder\4.0.0-alpha-7\maven-toolchain-builder-4.0.0-alpha-7.jar;C:\Users\gupta\.m2\repository\org\apache\maven\maven-repository-metadata\4.0.0-alpha-7\maven-repository-metadata-4.0.0-alpha-7.jar;C:\Users\gupta\.m2\repository\org\apache\maven\maven-artifact\4.0.0-alpha-7\maven-artifact-4.0.0-alpha-7.jar;C:\Users\gupta\.m2\repository\org\apache\maven\maven-plugin-api\4.0.0-alpha-7\maven-plugin-api-4.0.0-alpha-7.jar;C:\Users\gupta\.m2\repository\org\apache\maven\maven-model-builder\4.0.0-alpha-7\maven-model-builder-4.0.0-alpha-7.jar;C:\Users\gupta\.m2\repository\org\apache\maven\maven-model-transform\4.0.0-alpha-7\maven-model-transform-4.0.0-alpha-7.jar;C:\Users\gupta\.m2\repository\org\apache\maven\maven-resolver-provider\4.0.0-alpha-7\maven-resolver-provider-4.0.0-alpha-7.jar;C:\Users\gupta\.m2\repository\org\apache\maven\maven-api-core\4.0.0-alpha-7\maven-api-core-4.0.0-alpha-7.jar;C:\Users\gupta\.m2\repository\org\apache\maven\maven-api-meta\4.0.0-alpha-7\maven-api-meta-4.0.0-alpha-7.jar;C:\Users\gupta\.m2\repository\org\apache\maven\resolver\maven-resolver-impl\1.9.13\maven-resolver-impl-1.9.13.jar;C:\Users\gupta\.m2\repository\org\apache\maven\resolver\maven-resolver-named-locks\1.9.13\maven-resolver-named-locks-1.9.13.jar;C:\Users\gupta\.m2\repository\org\apache\maven\resolver\maven-resolver-api\1.9.13\maven-resolver-api-1.9.13.jar;C:\Users\gupta\.m2\repository\org\apache\maven\resolver\maven-resolver-spi\1.9.13\maven-resolver-spi-1.9.13.jar;C:\Users\gupta\.m2\repository\org\apache\maven\resolver\maven-resolver-util\1.9.13\maven-resolver-util-1.9.13.jar;C:\Users\gupta\.m2\repository\org\eclipse\sisu\org.eclipse.sisu.plexus\0.9.0.M2\org.eclipse.sisu.plexus-0.9.0.M2.jar;C:\Users\gupta\.m2\repository\javax\annotation\javax.annotation-api\1.2\javax.annotation-api-1.2.jar;C:\Users\gupta\.m2\repository\org\eclipse\sisu\org.eclipse.sisu.inject\0.9.0.M2\org.eclipse.sisu.inject-0.9.0.M2.jar;C:\Users\gupta\.m2\repository\com\google\inject\guice\5.1.0\guice-5.1.0.jar;C:\Users\gupta\.m2\repository\aopalliance\aopalliance\1.0\aopalliance-1.0.jar;C:\Users\gupta\.m2\repository\com\google\guava\failureaccess\1.0.1\failureaccess-1.0.1.jar;C:\Users\gupta\.m2\repository\javax\inject\javax.inject\1\javax.inject-1.jar;C:\Users\gupta\.m2\repository\org\codehaus\plexus\plexus-utils\4.0.0\plexus-utils-4.0.0.jar;C:\Users\gupta\.m2\repository\org\codehaus\plexus\plexus-classworlds\2.6.0\plexus-classworlds-2.6.0.jar;C:\Users\gupta\.m2\repository\org\apache\maven\plugins\maven-surefire-plugin\3.1.2\maven-surefire-plugin-3.1.2.jar;C:\Users\gupta\.m2\repository\org\apache\maven\surefire\maven-surefire-common\3.1.2\maven-surefire-common-3.1.2.jar;C:\Users\gupta\.m2\repository\org\apache\maven\surefire\surefire-api\3.1.2\surefire-api-3.1.2.jar;C:\Users\gupta\.m2\repository\org\apache\maven\surefire\surefire-logger-api\3.1.2\surefire-logger-api-3.1.2.jar;C:\Users\gupta\.m2\repository\org\apache\maven\surefire\surefire-extensions-api\3.1.2\surefire-extensions-api-3.1.2.jar;C:\Users\gupta\.m2\repository\org\apache\maven\surefire\surefire-booter\3.1.2\surefire-booter-3.1.2.jar;C:\Users\gupta\.m2\repository\org\apache\maven\surefire\surefire-extensions-spi\3.1.2\surefire-extensions-spi-3.1.2.jar;C:\Users\gupta\.m2\repository\org\apache\maven\shared\maven-common-artifact-filters\3.1.1\maven-common-artifact-filters-3.1.1.jar;C:\Users\gupta\.m2\repository\org\apache\maven\surefire\surefire-shared-utils\3.1.2\surefire-shared-utils-3.1.2.jar;C:\Users\gupta\.m2\repository\org\hamcrest\java-hamcrest\2.0.0.0\java-hamcrest-2.0.0.0.jar;C:\Users\gupta\.m2\repository\org\hamcrest\hamcrest-all\1.3\hamcrest-all-1.3.jar;C:\Users\gupta\.m2\repository\org\apache\maven\plugins\maven-clean-plugin\3.3.1\maven-clean-plugin-3.3.1.jar;C:\Users\gupta\.m2\repository\org\apache\maven\plugins\maven-jar-plugin\3.3.0\maven-jar-plugin-3.3.0.jar;C:\Users\gupta\.m2\repository\org\apache\maven\shared\file-management\3.1.0\file-management-3.1.0.jar;C:\Users\gupta\.m2\repository\org\apache\maven\maven-archiver\3.6.0\maven-archiver-3.6.0.jar;C:\Users\gupta\.m2\repository\org\codehaus\plexus\plexus-io\3.4.0\plexus-io-3.4.0.jar;C:\Users\gupta\.m2\repository\org\apache\maven\plugins\maven-install-plugin\3.1.1\maven-install-plugin-3.1.1.jar;C:\Users\gupta\.m2\repository\org\eclipse\aether\aether-util\1.0.0.v20140518\aether-util-1.0.0.v20140518.jar;C:\Users\gupta\.m2\repository\org\eclipse\aether\aether-api\1.0.0.v20140518\aether-api-1.0.0.v20140518.jar;C:\Users\gupta\.m2\repository\org\apache\maven\plugins\maven-deploy-plugin\3.1.1\maven-deploy-plugin-3.1.1.jar;C:\Users\gupta\.m2\repository\org\apache\maven\plugins\maven-site-plugin\4.0.0-M10\maven-site-plugin-4.0.0-M10.jar;C:\Users\gupta\.m2\repository\org\apache\maven\reporting\maven-reporting-api\4.0.0-M7\maven-reporting-api-4.0.0-M7.jar;C:\Users\gupta\.m2\repository\org\apache\maven\reporting\maven-reporting-exec\2.0.0-M10\maven-reporting-exec-2.0.0-M10.jar;C:\Users\gupta\.m2\repository\org\codehaus\plexus\plexus-archiver\4.8.0\plexus-archiver-4.8.0.jar;C:\Users\gupta\.m2\repository\org\iq80\snappy\snappy\0.4\snappy-0.4.jar;C:\Users\gupta\.m2\repository\org\tukaani\xz\1.9\xz-1.9.jar;C:\Users\gupta\.m2\repository\org\codehaus\plexus\plexus-i18n\1.0-beta-10\plexus-i18n-1.0-beta-10.jar;C:\Users\gupta\.m2\repository\org\apache\maven\doxia\doxia-sink-api\2.0.0-M7\doxia-sink-api-2.0.0-M7.jar;C:\Users\gupta\.m2\repository\org\apache\maven\doxia\doxia-core\2.0.0-M7\doxia-core-2.0.0-M7.jar;C:\Users\gupta\.m2\repository\org\apache\maven\doxia\doxia-module-xhtml5\2.0.0-M7\doxia-module-xhtml5-2.0.0-M7.jar;C:\Users\gupta\.m2\repository\org\apache\maven\doxia\doxia-module-apt\2.0.0-M7\doxia-module-apt-2.0.0-M7.jar;C:\Users\gupta\.m2\repository\org\apache\maven\doxia\doxia-module-xdoc\2.0.0-M7\doxia-module-xdoc-2.0.0-M7.jar;C:\Users\gupta\.m2\repository\org\apache\maven\doxia\doxia-module-fml\2.0.0-M7\doxia-module-fml-2.0.0-M7.jar;C:\Users\gupta\.m2\repository\org\apache\maven\doxia\doxia-module-markdown\2.0.0-M7\doxia-module-markdown-2.0.0-M7.jar;C:\Users\gupta\.m2\repository\com\vladsch\flexmark\flexmark\0.62.2\flexmark-0.62.2.jar;C:\Users\gupta\.m2\repository\com\vladsch\flexmark\flexmark-util-builder\0.62.2\flexmark-util-builder-0.62.2.jar;C:\Users\gupta\.m2\repository\com\vladsch\flexmark\flexmark-util-collection\0.62.2\flexmark-util-collection-0.62.2.jar;C:\Users\gupta\.m2\repository\com\vladsch\flexmark\flexmark-util-dependency\0.62.2\flexmark-util-dependency-0.62.2.jar;C:\Users\gupta\.m2\repository\com\vladsch\flexmark\flexmark-util-format\0.62.2\flexmark-util-format-0.62.2.jar;C:\Users\gupta\.m2\repository\com\vladsch\flexmark\flexmark-util-html\0.62.2\flexmark-util-html-0.62.2.jar;C:\Users\gupta\.m2\repository\com\vladsch\flexmark\flexmark-util-visitor\0.62.2\flexmark-util-visitor-0.62.2.jar;C:\Users\gupta\.m2\repository\com\vladsch\flexmark\flexmark-util-data\0.62.2\flexmark-util-data-0.62.2.jar;C:\Users\gupta\.m2\repository\com\vladsch\flexmark\flexmark-util-misc\0.62.2\flexmark-util-misc-0.62.2.jar;C:\Users\gupta\.m2\repository\com\vladsch\flexmark\flexmark-util-sequence\0.62.2\flexmark-util-sequence-0.62.2.jar;C:\Users\gupta\.m2\repository\com\vladsch\flexmark\flexmark-util-ast\0.62.2\flexmark-util-ast-0.62.2.jar;C:\Users\gupta\.m2\repository\com\vladsch\flexmark\flexmark-ext-abbreviation\0.62.2\flexmark-ext-abbreviation-0.62.2.jar;C:\Users\gupta\.m2\repository\com\vladsch\flexmark\flexmark-util\0.62.2\flexmark-util-0.62.2.jar;C:\Users\gupta\.m2\repository\com\vladsch\flexmark\flexmark-util-options\0.62.2\flexmark-util-options-0.62.2.jar;C:\Users\gupta\.m2\repository\com\vladsch\flexmark\flexmark-ext-autolink\0.62.2\flexmark-ext-autolink-0.62.2.jar;C:\Users\gupta\.m2\repository\org\nibor\autolink\autolink\0.6.0\autolink-0.6.0.jar;C:\Users\gupta\.m2\repository\com\vladsch\flexmark\flexmark-ext-definition\0.62.2\flexmark-ext-definition-0.62.2.jar;C:\Users\gupta\.m2\repository\com\vladsch\flexmark\flexmark-ext-escaped-character\0.62.2\flexmark-ext-escaped-character-0.62.2.jar;C:\Users\gupta\.m2\repository\com\vladsch\flexmark\flexmark-ext-gfm-strikethrough\0.62.2\flexmark-ext-gfm-strikethrough-0.62.2.jar;C:\Users\gupta\.m2\repository\com\vladsch\flexmark\flexmark-ext-tables\0.62.2\flexmark-ext-tables-0.62.2.jar;C:\Users\gupta\.m2\repository\com\vladsch\flexmark\flexmark-ext-typographic\0.62.2\flexmark-ext-typographic-0.62.2.jar;C:\Users\gupta\.m2\repository\com\vladsch\flexmark\flexmark-ext-wikilink\0.62.2\flexmark-ext-wikilink-0.62.2.jar;C:\Users\gupta\.m2\repository\com\vladsch\flexmark\flexmark-ext-yaml-front-matter\0.62.2\flexmark-ext-yaml-front-matter-0.62.2.jar;C:\Users\gupta\.m2\repository\org\jetbrains\annotations\15.0\annotations-15.0.jar;C:\Users\gupta\.m2\repository\org\apache\maven\doxia\doxia-site-model\2.0.0-M12\doxia-site-model-2.0.0-M12.jar;C:\Users\gupta\.m2\repository\org\apache\maven\doxia\doxia-site-renderer\2.0.0-M12\doxia-site-renderer-2.0.0-M12.jar;C:\Users\gupta\.m2\repository\org\apache\maven\doxia\doxia-skin-model\2.0.0-M12\doxia-skin-model-2.0.0-M12.jar;C:\Users\gupta\.m2\repository\org\codehaus\plexus\plexus-velocity\2.0\plexus-velocity-2.0.jar;C:\Users\gupta\.m2\repository\org\apache\velocity\velocity-engine-core\2.3\velocity-engine-core-2.3.jar;C:\Users\gupta\.m2\repository\org\apache\velocity\tools\velocity-tools-generic\3.1\velocity-tools-generic-3.1.jar;C:\Users\gupta\.m2\repository\commons-beanutils\commons-beanutils\1.9.4\commons-beanutils-1.9.4.jar;C:\Users\gupta\.m2\repository\org\apache\commons\commons-digester3\3.2\commons-digester3-3.2.jar;C:\Users\gupta\.m2\repository\com\github\cliftonlabs\json-simple\3.0.2\json-simple-3.0.2.jar;C:\Users\gupta\.m2\repository\org\apache\maven\doxia\doxia-integration-tools\2.0.0-M12\doxia-integration-tools-2.0.0-M12.jar;C:\Users\gupta\.m2\repository\org\eclipse\jetty\jetty-http\9.4.51.v20230217\jetty-http-9.4.51.v20230217.jar;C:\Users\gupta\.m2\repository\org\eclipse\jetty\jetty-servlet\9.4.51.v20230217\jetty-servlet-9.4.51.v20230217.jar;C:\Users\gupta\.m2\repository\org\eclipse\jetty\jetty-security\9.4.51.v20230217\jetty-security-9.4.51.v20230217.jar;C:\Users\gupta\.m2\repository\org\eclipse\jetty\jetty-util-ajax\9.4.51.v20230217\jetty-util-ajax-9.4.51.v20230217.jar;C:\Users\gupta\.m2\repository\org\eclipse\jetty\jetty-util\9.4.51.v20230217\jetty-util-9.4.51.v20230217.jar;C:\Users\gupta\.m2\repository\org\apache\maven\maven-project\3.0-alpha-2\maven-project-3.0-alpha-2.jar;C:\Users\gupta\.m2\repository\org\codehaus\plexus\plexus-interpolation\1.1\plexus-interpolation-1.1.jar;C:\Users\gupta\.m2\repository\org\apache\maven\maven-compat\3.0-alpha-2\maven-compat-3.0-alpha-2.jar;C:\Users\gupta\.m2\repository\org\apache\maven\wagon\wagon-provider-api\1.0-beta-4\wagon-provider-api-1.0-beta-4.jar;C:\Users\gupta\.m2\repository\org\codehaus\plexus\plexus-container-default\1.0-beta-3.0.5\plexus-container-default-1.0-beta-3.0.5.jar;C:\Users\gupta\.m2\repository\org\apache\xbean\xbean-reflect\3.4\xbean-reflect-3.4.jar;C:\Users\gupta\.m2\repository\commons-logging\commons-logging-api\1.1\commons-logging-api-1.1.jar;C:\Users\gupta\.m2\repository\com\google\code\google-collections\google-collect\snapshot-20080530\google-collect-snapshot-20080530.jar;C:\Users\gupta\.m2\repository\junit\junit\3.8.2\junit-3.8.2.jar;C:\Users\gupta\.m2\repository\org\codehaus\woodstox\wstx-asl\3.2.6\wstx-asl-3.2.6.jar;C:\Users\gupta\.m2\repository\stax\stax-api\1.0.1\stax-api-1.0.1.jar;C:\Users\gupta\.m2\repository\org\sonatype\spice\model-builder\1.3\model-builder-1.3.jar;C:\Users\gupta\.m2\repository\org\apache\maven\maven-project-builder\3.0-alpha-2\maven-project-builder-3.0-alpha-2.jar;C:\Users\gupta\.m2\repository\org\hamcrest\hamcrest-library\2.2\hamcrest-library-2.2.jar;C:\Users\gupta\.m2\repository\org\hamcrest\hamcrest-core\2.2\hamcrest-core-2.2.jar;C:\Users\gupta\.m2\repository\org\json\org.json\chargebee-1.0\org.json-chargebee-1.0.jar;C:\Users\gupta\.m2\repository\org\apache\poi\poi-scratchpad\5.2.4\poi-scratchpad-5.2.4.jar;C:\Users\gupta\.m2\repository\org\apache\poi\poi\5.2.4\poi-5.2.4.jar;C:\Users\gupta\.m2\repository\com\zaxxer\SparseBitSet\1.3\SparseBitSet-1.3.jar;C:\Users\gupta\.m2\repository\org\apache\poi\poi-ooxml\5.2.4\poi-ooxml-5.2.4.jar;C:\Users\gupta\.m2\repository\org\apache\poi\poi-ooxml-lite\5.2.4\poi-ooxml-lite-5.2.4.jar;C:\Users\gupta\.m2\repository\com\github\virtuald\curvesapi\1.08\curvesapi-1.08.jar;C:\Users\gupta\.m2\repository\org\apache\poi\openxml4j\1.0-beta\openxml4j-1.0-beta.jar;C:\Users\gupta\.m2\repository\dom4j\dom4j\1.6.1\dom4j-1.6.1.jar;C:\Users\gupta\.m2\repository\xml-apis\xml-apis\1.0.b2\xml-apis-1.0.b2.jar;C:\Users\gupta\.m2\repository\log4j\log4j\1.2.8\log4j-1.2.8.jar;C:\Users\gupta\.m2\repository\commons-io\commons-io\2.14.0\commons-io-2.14.0.jar;C:\Users\gupta\.m2\repository\com\github\pjfanning\excel-streaming-reader\4.0.4\excel-streaming-reader-4.0.4.jar;C:\Users\gupta\.m2\repository\com\github\pjfanning\poi-shared-strings\2.5.5\poi-shared-strings-2.5.5.jar;C:\Users\gupta\.m2\repository\com\h2database\h2\2.1.214\h2-2.1.214.jar;C:\Users\gupta\.m2\repository\org\apache\xmlbeans\xmlbeans\5.1.1\xmlbeans-5.1.1.jar;C:\Users\gupta\.m2\repository\org\apache\httpcomponents\fluent-hc\4.5.14\fluent-hc-4.5.14.jar;C:\Users\gupta\.m2\repository\commons-logging\commons-logging\1.2\commons-logging-1.2.jar;"/>
    <property name="java.vm.vendor" value="Oracle Corporation"/>
    <property name="sun.arch.data.model" value="64"/>
    <property name="user.variant" value=""/>
    <property name="java.vendor.url" value="https://java.oracle.com/"/>
    <property name="user.timezone" value="Asia/Calcutta"/>
    <property name="os.name" value="Windows 11"/>
    <property name="java.vm.specification.version" value="21"/>
    <property name="sun.java.launcher" value="SUN_STANDARD"/>
    <property name="user.country" value="IN"/>
    <property name="sun.boot.library.path" value="C:\Program Files\Java\jdk-21\bin"/>
    <property name="sun.java.command" value="C:\Users\gupta\AppData\Local\Temp\surefire6167428470151295081\surefirebooter-20231025122627154_3.jar C:\Users\gupta\AppData\Local\Temp\surefire6167428470151295081 2023-10-25T12-26-27_046-jvmRun1 surefire-20231025122627154_1tmp surefire_0-20231025122627154_2tmp"/>
    <property name="jdk.debug" value="release"/>
    <property name="surefire.test.class.path" value="C:\Users\gupta\eclipse-workspace\priyanka\myframework\target\test-classes;C:\Users\gupta\eclipse-workspace\priyanka\myframework\target\classes;C:\Users\gupta\.m2\repository\io\rest-assured\rest-assured\5.3.2\rest-assured-5.3.2.jar;C:\Users\gupta\.m2\repository\org\apache\groovy\groovy\4.0.11\groovy-4.0.11.jar;C:\Users\gupta\.m2\repository\org\apache\groovy\groovy-xml\4.0.11\groovy-xml-4.0.11.jar;C:\Users\gupta\.m2\repository\org\apache\httpcomponents\httpclient\4.5.13\httpclient-4.5.13.jar;C:\Users\gupta\.m2\repository\org\apache\httpcomponents\httpcore\4.4.13\httpcore-4.4.13.jar;C:\Users\gupta\.m2\repository\org\apache\httpcomponents\httpmime\4.5.13\httpmime-4.5.13.jar;C:\Users\gupta\.m2\repository\org\hamcrest\hamcrest\2.2\hamcrest-2.2.jar;C:\Users\gupta\.m2\repository\org\ccil\cowan\tagsoup\tagsoup\1.2.1\tagsoup-1.2.1.jar;C:\Users\gupta\.m2\repository\io\rest-assured\json-path\5.3.2\json-path-5.3.2.jar;C:\Users\gupta\.m2\repository\org\apache\groovy\groovy-json\4.0.11\groovy-json-4.0.11.jar;C:\Users\gupta\.m2\repository\io\rest-assured\rest-assured-common\5.3.2\rest-assured-common-5.3.2.jar;C:\Users\gupta\.m2\repository\io\rest-assured\xml-path\5.3.2\xml-path-5.3.2.jar;C:\Users\gupta\.m2\repository\org\apache\commons\commons-lang3\3.11\commons-lang3-3.11.jar;C:\Users\gupta\.m2\repository\io\rest-assured\json-schema-validator\5.3.2\json-schema-validator-5.3.2.jar;C:\Users\gupta\.m2\repository\com\github\java-json-tools\json-schema-validator\2.2.14\json-schema-validator-2.2.14.jar;C:\Users\gupta\.m2\repository\com\github\java-json-tools\jackson-coreutils-equivalence\1.0\jackson-coreutils-equivalence-1.0.jar;C:\Users\gupta\.m2\repository\com\github\java-json-tools\jackson-coreutils\2.0\jackson-coreutils-2.0.jar;C:\Users\gupta\.m2\repository\com\github\java-json-tools\msg-simple\1.2\msg-simple-1.2.jar;C:\Users\gupta\.m2\repository\com\github\java-json-tools\btf\1.3\btf-1.3.jar;C:\Users\gupta\.m2\repository\com\github\java-json-tools\json-schema-core\1.2.14\json-schema-core-1.2.14.jar;C:\Users\gupta\.m2\repository\com\github\java-json-tools\uri-template\0.10\uri-template-0.10.jar;C:\Users\gupta\.m2\repository\org\mozilla\rhino\1.7.7.2\rhino-1.7.7.2.jar;C:\Users\gupta\.m2\repository\com\sun\mail\mailapi\1.6.2\mailapi-1.6.2.jar;C:\Users\gupta\.m2\repository\joda-time\joda-time\2.10.5\joda-time-2.10.5.jar;C:\Users\gupta\.m2\repository\com\googlecode\libphonenumber\libphonenumber\8.11.1\libphonenumber-8.11.1.jar;C:\Users\gupta\.m2\repository\net\sf\jopt-simple\jopt-simple\5.0.4\jopt-simple-5.0.4.jar;C:\Users\gupta\.m2\repository\com\google\guava\guava\32.0.1-jre\guava-32.0.1-jre.jar;C:\Users\gupta\.m2\repository\com\google\guava\listenablefuture\9999.0-empty-to-avoid-conflict-with-guava\listenablefuture-9999.0-empty-to-avoid-conflict-with-guava.jar;C:\Users\gupta\.m2\repository\org\checkerframework\checker-qual\3.33.0\checker-qual-3.33.0.jar;C:\Users\gupta\.m2\repository\com\google\errorprone\error_prone_annotations\2.18.0\error_prone_annotations-2.18.0.jar;C:\Users\gupta\.m2\repository\com\google\j2objc\j2objc-annotations\2.8\j2objc-annotations-2.8.jar;C:\Users\gupta\.m2\repository\com\github\javafaker\javafaker\1.0.2\javafaker-1.0.2.jar;C:\Users\gupta\.m2\repository\org\yaml\snakeyaml\1.23\snakeyaml-1.23-android.jar;C:\Users\gupta\.m2\repository\com\github\mifmif\generex\1.0.2\generex-1.0.2.jar;C:\Users\gupta\.m2\repository\dk\brics\automaton\automaton\1.11-8\automaton-1.11-8.jar;C:\Users\gupta\.m2\repository\org\apache\logging\log4j\log4j-api\2.21.1\log4j-api-2.21.1.jar;C:\Users\gupta\.m2\repository\org\apache\logging\log4j\log4j-core\2.21.1\log4j-core-2.21.1.jar;C:\Users\gupta\.m2\repository\org\testng\testng\7.8.0\testng-7.8.0.jar;C:\Users\gupta\.m2\repository\org\slf4j\slf4j-api\1.7.36\slf4j-api-1.7.36.jar;C:\Users\gupta\.m2\repository\com\beust\jcommander\1.82\jcommander-1.82.jar;C:\Users\gupta\.m2\repository\org\webjars\jquery\3.6.1\jquery-3.6.1.jar;C:\Users\gupta\.m2\repository\org\apache\spark\spark-core_2.13\3.5.0\spark-core_2.13-3.5.0.jar;C:\Users\gupta\.m2\repository\org\scala-lang\modules\scala-parallel-collections_2.13\1.0.4\scala-parallel-collections_2.13-1.0.4.jar;C:\Users\gupta\.m2\repository\org\apache\avro\avro\1.11.2\avro-1.11.2.jar;C:\Users\gupta\.m2\repository\com\fasterxml\jackson\core\jackson-core\2.14.2\jackson-core-2.14.2.jar;C:\Users\gupta\.m2\repository\org\apache\avro\avro-mapred\1.11.2\avro-mapred-1.11.2.jar;C:\Users\gupta\.m2\repository\org\apache\avro\avro-ipc\1.11.2\avro-ipc-1.11.2.jar;C:\Users\gupta\.m2\repository\com\twitter\chill_2.13\0.10.0\chill_2.13-0.10.0.jar;C:\Users\gupta\.m2\repository\com\esotericsoftware\kryo-shaded\4.0.2\kryo-shaded-4.0.2.jar;C:\Users\gupta\.m2\repository\com\esotericsoftware\minlog\1.3.0\minlog-1.3.0.jar;C:\Users\gupta\.m2\repository\org\objenesis\objenesis\2.5.1\objenesis-2.5.1.jar;C:\Users\gupta\.m2\repository\com\twitter\chill-java\0.10.0\chill-java-0.10.0.jar;C:\Users\gupta\.m2\repository\org\apache\xbean\xbean-asm9-shaded\4.23\xbean-asm9-shaded-4.23.jar;C:\Users\gupta\.m2\repository\org\apache\hadoop\hadoop-client-api\3.3.4\hadoop-client-api-3.3.4.jar;C:\Users\gupta\.m2\repository\org\apache\hadoop\hadoop-client-runtime\3.3.4\hadoop-client-runtime-3.3.4.jar;C:\Users\gupta\.m2\repository\org\apache\spark\spark-launcher_2.13\3.5.0\spark-launcher_2.13-3.5.0.jar;C:\Users\gupta\.m2\repository\org\apache\spark\spark-kvstore_2.13\3.5.0\spark-kvstore_2.13-3.5.0.jar;C:\Users\gupta\.m2\repository\org\fusesource\leveldbjni\leveldbjni-all\1.8\leveldbjni-all-1.8.jar;C:\Users\gupta\.m2\repository\com\fasterxml\jackson\core\jackson-annotations\2.15.2\jackson-annotations-2.15.2.jar;C:\Users\gupta\.m2\repository\org\rocksdb\rocksdbjni\8.3.2\rocksdbjni-8.3.2.jar;C:\Users\gupta\.m2\repository\org\apache\spark\spark-network-common_2.13\3.5.0\spark-network-common_2.13-3.5.0.jar;C:\Users\gupta\.m2\repository\com\google\crypto\tink\tink\1.9.0\tink-1.9.0.jar;C:\Users\gupta\.m2\repository\com\google\protobuf\protobuf-java\3.19.6\protobuf-java-3.19.6.jar;C:\Users\gupta\.m2\repository\org\apache\spark\spark-network-shuffle_2.13\3.5.0\spark-network-shuffle_2.13-3.5.0.jar;C:\Users\gupta\.m2\repository\org\apache\spark\spark-unsafe_2.13\3.5.0\spark-unsafe_2.13-3.5.0.jar;C:\Users\gupta\.m2\repository\org\apache\spark\spark-common-utils_2.13\3.5.0\spark-common-utils_2.13-3.5.0.jar;C:\Users\gupta\.m2\repository\org\slf4j\jul-to-slf4j\2.0.7\jul-to-slf4j-2.0.7.jar;C:\Users\gupta\.m2\repository\org\slf4j\jcl-over-slf4j\2.0.7\jcl-over-slf4j-2.0.7.jar;C:\Users\gupta\.m2\repository\org\apache\logging\log4j\log4j-slf4j2-impl\2.20.0\log4j-slf4j2-impl-2.20.0.jar;C:\Users\gupta\.m2\repository\org\apache\logging\log4j\log4j-1.2-api\2.20.0\log4j-1.2-api-2.20.0.jar;C:\Users\gupta\.m2\repository\javax\activation\activation\1.1.1\activation-1.1.1.jar;C:\Users\gupta\.m2\repository\org\apache\curator\curator-recipes\2.13.0\curator-recipes-2.13.0.jar;C:\Users\gupta\.m2\repository\org\apache\curator\curator-framework\2.13.0\curator-framework-2.13.0.jar;C:\Users\gupta\.m2\repository\org\apache\curator\curator-client\2.13.0\curator-client-2.13.0.jar;C:\Users\gupta\.m2\repository\org\apache\zookeeper\zookeeper\3.6.3\zookeeper-3.6.3.jar;C:\Users\gupta\.m2\repository\org\apache\zookeeper\zookeeper-jute\3.6.3\zookeeper-jute-3.6.3.jar;C:\Users\gupta\.m2\repository\org\apache\yetus\audience-annotations\0.5.0\audience-annotations-0.5.0.jar;C:\Users\gupta\.m2\repository\jakarta\servlet\jakarta.servlet-api\4.0.3\jakarta.servlet-api-4.0.3.jar;C:\Users\gupta\.m2\repository\commons-codec\commons-codec\1.16.0\commons-codec-1.16.0.jar;C:\Users\gupta\.m2\repository\org\apache\commons\commons-compress\1.23.0\commons-compress-1.23.0.jar;C:\Users\gupta\.m2\repository\org\apache\commons\commons-math3\3.6.1\commons-math3-3.6.1.jar;C:\Users\gupta\.m2\repository\org\apache\commons\commons-text\1.10.0\commons-text-1.10.0.jar;C:\Users\gupta\.m2\repository\commons-collections\commons-collections\3.2.2\commons-collections-3.2.2.jar;C:\Users\gupta\.m2\repository\org\apache\commons\commons-collections4\4.4\commons-collections4-4.4.jar;C:\Users\gupta\.m2\repository\com\google\code\findbugs\jsr305\3.0.0\jsr305-3.0.0.jar;C:\Users\gupta\.m2\repository\com\ning\compress-lzf\1.1.2\compress-lzf-1.1.2.jar;C:\Users\gupta\.m2\repository\org\xerial\snappy\snappy-java\1.1.10.3\snappy-java-1.1.10.3.jar;C:\Users\gupta\.m2\repository\org\lz4\lz4-java\1.8.0\lz4-java-1.8.0.jar;C:\Users\gupta\.m2\repository\com\github\luben\zstd-jni\1.5.5-4\zstd-jni-1.5.5-4.jar;C:\Users\gupta\.m2\repository\org\roaringbitmap\RoaringBitmap\0.9.45\RoaringBitmap-0.9.45.jar;C:\Users\gupta\.m2\repository\org\roaringbitmap\shims\0.9.45\shims-0.9.45.jar;C:\Users\gupta\.m2\repository\org\scala-lang\modules\scala-xml_2.13\2.1.0\scala-xml_2.13-2.1.0.jar;C:\Users\gupta\.m2\repository\org\scala-lang\scala-library\2.13.8\scala-library-2.13.8.jar;C:\Users\gupta\.m2\repository\org\scala-lang\scala-reflect\2.13.8\scala-reflect-2.13.8.jar;C:\Users\gupta\.m2\repository\org\json4s\json4s-jackson_2.13\3.7.0-M11\json4s-jackson_2.13-3.7.0-M11.jar;C:\Users\gupta\.m2\repository\org\json4s\json4s-core_2.13\3.7.0-M11\json4s-core_2.13-3.7.0-M11.jar;C:\Users\gupta\.m2\repository\org\json4s\json4s-ast_2.13\3.7.0-M11\json4s-ast_2.13-3.7.0-M11.jar;C:\Users\gupta\.m2\repository\org\json4s\json4s-scalap_2.13\3.7.0-M11\json4s-scalap_2.13-3.7.0-M11.jar;C:\Users\gupta\.m2\repository\org\glassfish\jersey\core\jersey-client\2.40\jersey-client-2.40.jar;C:\Users\gupta\.m2\repository\jakarta\ws\rs\jakarta.ws.rs-api\2.1.6\jakarta.ws.rs-api-2.1.6.jar;C:\Users\gupta\.m2\repository\org\glassfish\hk2\external\jakarta.inject\2.6.1\jakarta.inject-2.6.1.jar;C:\Users\gupta\.m2\repository\org\glassfish\jersey\core\jersey-common\2.40\jersey-common-2.40.jar;C:\Users\gupta\.m2\repository\jakarta\annotation\jakarta.annotation-api\1.3.5\jakarta.annotation-api-1.3.5.jar;C:\Users\gupta\.m2\repository\org\glassfish\hk2\osgi-resource-locator\1.0.3\osgi-resource-locator-1.0.3.jar;C:\Users\gupta\.m2\repository\org\glassfish\jersey\core\jersey-server\2.40\jersey-server-2.40.jar;C:\Users\gupta\.m2\repository\jakarta\validation\jakarta.validation-api\2.0.2\jakarta.validation-api-2.0.2.jar;C:\Users\gupta\.m2\repository\org\glassfish\jersey\containers\jersey-container-servlet\2.40\jersey-container-servlet-2.40.jar;C:\Users\gupta\.m2\repository\org\glassfish\jersey\containers\jersey-container-servlet-core\2.40\jersey-container-servlet-core-2.40.jar;C:\Users\gupta\.m2\repository\org\glassfish\jersey\inject\jersey-hk2\2.40\jersey-hk2-2.40.jar;C:\Users\gupta\.m2\repository\org\glassfish\hk2\hk2-locator\2.6.1\hk2-locator-2.6.1.jar;C:\Users\gupta\.m2\repository\org\glassfish\hk2\external\aopalliance-repackaged\2.6.1\aopalliance-repackaged-2.6.1.jar;C:\Users\gupta\.m2\repository\org\glassfish\hk2\hk2-api\2.6.1\hk2-api-2.6.1.jar;C:\Users\gupta\.m2\repository\org\glassfish\hk2\hk2-utils\2.6.1\hk2-utils-2.6.1.jar;C:\Users\gupta\.m2\repository\org\javassist\javassist\3.29.2-GA\javassist-3.29.2-GA.jar;C:\Users\gupta\.m2\repository\io\netty\netty-all\4.1.96.Final\netty-all-4.1.96.Final.jar;C:\Users\gupta\.m2\repository\io\netty\netty-buffer\4.1.96.Final\netty-buffer-4.1.96.Final.jar;C:\Users\gupta\.m2\repository\io\netty\netty-codec\4.1.96.Final\netty-codec-4.1.96.Final.jar;C:\Users\gupta\.m2\repository\io\netty\netty-codec-http\4.1.96.Final\netty-codec-http-4.1.96.Final.jar;C:\Users\gupta\.m2\repository\io\netty\netty-codec-http2\4.1.96.Final\netty-codec-http2-4.1.96.Final.jar;C:\Users\gupta\.m2\repository\io\netty\netty-codec-socks\4.1.96.Final\netty-codec-socks-4.1.96.Final.jar;C:\Users\gupta\.m2\repository\io\netty\netty-common\4.1.96.Final\netty-common-4.1.96.Final.jar;C:\Users\gupta\.m2\repository\io\netty\netty-handler\4.1.96.Final\netty-handler-4.1.96.Final.jar;C:\Users\gupta\.m2\repository\io\netty\netty-transport-native-unix-common\4.1.96.Final\netty-transport-native-unix-common-4.1.96.Final.jar;C:\Users\gupta\.m2\repository\io\netty\netty-handler-proxy\4.1.96.Final\netty-handler-proxy-4.1.96.Final.jar;C:\Users\gupta\.m2\repository\io\netty\netty-resolver\4.1.96.Final\netty-resolver-4.1.96.Final.jar;C:\Users\gupta\.m2\repository\io\netty\netty-transport\4.1.96.Final\netty-transport-4.1.96.Final.jar;C:\Users\gupta\.m2\repository\io\netty\netty-transport-classes-epoll\4.1.96.Final\netty-transport-classes-epoll-4.1.96.Final.jar;C:\Users\gupta\.m2\repository\io\netty\netty-transport-classes-kqueue\4.1.96.Final\netty-transport-classes-kqueue-4.1.96.Final.jar;C:\Users\gupta\.m2\repository\io\netty\netty-transport-native-epoll\4.1.96.Final\netty-transport-native-epoll-4.1.96.Final-linux-x86_64.jar;C:\Users\gupta\.m2\repository\io\netty\netty-transport-native-epoll\4.1.96.Final\netty-transport-native-epoll-4.1.96.Final-linux-aarch_64.jar;C:\Users\gupta\.m2\repository\io\netty\netty-transport-native-kqueue\4.1.96.Final\netty-transport-native-kqueue-4.1.96.Final-osx-aarch_64.jar;C:\Users\gupta\.m2\repository\io\netty\netty-transport-native-kqueue\4.1.96.Final\netty-transport-native-kqueue-4.1.96.Final-osx-x86_64.jar;C:\Users\gupta\.m2\repository\com\clearspring\analytics\stream\2.9.6\stream-2.9.6.jar;C:\Users\gupta\.m2\repository\io\dropwizard\metrics\metrics-core\4.2.19\metrics-core-4.2.19.jar;C:\Users\gupta\.m2\repository\io\dropwizard\metrics\metrics-jvm\4.2.19\metrics-jvm-4.2.19.jar;C:\Users\gupta\.m2\repository\io\dropwizard\metrics\metrics-json\4.2.19\metrics-json-4.2.19.jar;C:\Users\gupta\.m2\repository\io\dropwizard\metrics\metrics-graphite\4.2.19\metrics-graphite-4.2.19.jar;C:\Users\gupta\.m2\repository\io\dropwizard\metrics\metrics-jmx\4.2.19\metrics-jmx-4.2.19.jar;C:\Users\gupta\.m2\repository\com\fasterxml\jackson\core\jackson-databind\2.15.2\jackson-databind-2.15.2.jar;C:\Users\gupta\.m2\repository\com\fasterxml\jackson\module\jackson-module-scala_2.13\2.15.2\jackson-module-scala_2.13-2.15.2.jar;C:\Users\gupta\.m2\repository\com\thoughtworks\paranamer\paranamer\2.8\paranamer-2.8.jar;C:\Users\gupta\.m2\repository\org\apache\ivy\ivy\2.5.1\ivy-2.5.1.jar;C:\Users\gupta\.m2\repository\oro\oro\2.0.8\oro-2.0.8.jar;C:\Users\gupta\.m2\repository\net\razorvine\pickle\1.3\pickle-1.3.jar;C:\Users\gupta\.m2\repository\net\sf\py4j\py4j\0.10.9.7\py4j-0.10.9.7.jar;C:\Users\gupta\.m2\repository\org\apache\spark\spark-tags_2.13\3.5.0\spark-tags_2.13-3.5.0.jar;C:\Users\gupta\.m2\repository\org\apache\commons\commons-crypto\1.1.0\commons-crypto-1.1.0.jar;C:\Users\gupta\.m2\repository\com\sparkjava\spark-core\2.9.4\spark-core-2.9.4.jar;C:\Users\gupta\.m2\repository\org\eclipse\jetty\jetty-server\9.4.48.v20220622\jetty-server-9.4.48.v20220622.jar;C:\Users\gupta\.m2\repository\javax\servlet\javax.servlet-api\3.1.0\javax.servlet-api-3.1.0.jar;C:\Users\gupta\.m2\repository\org\eclipse\jetty\jetty-io\9.4.48.v20220622\jetty-io-9.4.48.v20220622.jar;C:\Users\gupta\.m2\repository\org\eclipse\jetty\jetty-webapp\9.4.48.v20220622\jetty-webapp-9.4.48.v20220622.jar;C:\Users\gupta\.m2\repository\org\eclipse\jetty\jetty-xml\9.4.48.v20220622\jetty-xml-9.4.48.v20220622.jar;C:\Users\gupta\.m2\repository\org\eclipse\jetty\websocket\websocket-server\9.4.48.v20220622\websocket-server-9.4.48.v20220622.jar;C:\Users\gupta\.m2\repository\org\eclipse\jetty\websocket\websocket-common\9.4.48.v20220622\websocket-common-9.4.48.v20220622.jar;C:\Users\gupta\.m2\repository\org\eclipse\jetty\websocket\websocket-client\9.4.48.v20220622\websocket-client-9.4.48.v20220622.jar;C:\Users\gupta\.m2\repository\org\eclipse\jetty\jetty-client\9.4.48.v20220622\jetty-client-9.4.48.v20220622.jar;C:\Users\gupta\.m2\repository\org\eclipse\jetty\websocket\websocket-servlet\9.4.48.v20220622\websocket-servlet-9.4.48.v20220622.jar;C:\Users\gupta\.m2\repository\org\eclipse\jetty\websocket\websocket-api\9.4.48.v20220622\websocket-api-9.4.48.v20220622.jar;C:\Users\gupta\.m2\repository\com\aventstack\extentreports\5.1.1\extentreports-5.1.1.jar;C:\Users\gupta\.m2\repository\io\reactivex\rxjava3\rxjava\3.1.6\rxjava-3.1.6.jar;C:\Users\gupta\.m2\repository\org\reactivestreams\reactive-streams\1.0.4\reactive-streams-1.0.4.jar;C:\Users\gupta\.m2\repository\org\freemarker\freemarker\2.3.32\freemarker-2.3.32.jar;C:\Users\gupta\.m2\repository\org\projectlombok\lombok\1.18.26\lombok-1.18.26.jar;C:\Users\gupta\.m2\repository\com\google\code\gson\gson\2.10.1\gson-2.10.1.jar;C:\Users\gupta\.m2\repository\org\apache\maven\plugins\maven-compiler-plugin\3.11.0\maven-compiler-plugin-3.11.0.jar;C:\Users\gupta\.m2\repository\org\apache\maven\shared\maven-shared-utils\3.3.4\maven-shared-utils-3.3.4.jar;C:\Users\gupta\.m2\repository\org\apache\maven\shared\maven-shared-incremental\1.1\maven-shared-incremental-1.1.jar;C:\Users\gupta\.m2\repository\org\codehaus\plexus\plexus-component-annotations\1.5.5\plexus-component-annotations-1.5.5.jar;C:\Users\gupta\.m2\repository\org\codehaus\plexus\plexus-java\1.1.2\plexus-java-1.1.2.jar;C:\Users\gupta\.m2\repository\org\ow2\asm\asm\9.4\asm-9.4.jar;C:\Users\gupta\.m2\repository\com\thoughtworks\qdox\qdox\2.0.3\qdox-2.0.3.jar;C:\Users\gupta\.m2\repository\org\codehaus\plexus\plexus-compiler-api\2.13.0\plexus-compiler-api-2.13.0.jar;C:\Users\gupta\.m2\repository\org\codehaus\plexus\plexus-compiler-manager\2.13.0\plexus-compiler-manager-2.13.0.jar;C:\Users\gupta\.m2\repository\org\codehaus\plexus\plexus-compiler-javac\2.13.0\plexus-compiler-javac-2.13.0.jar;C:\Users\gupta\.m2\repository\org\apache\maven\maven-core\4.0.0-alpha-7\maven-core-4.0.0-alpha-7.jar;C:\Users\gupta\.m2\repository\org\apache\maven\maven-model\4.0.0-alpha-7\maven-model-4.0.0-alpha-7.jar;C:\Users\gupta\.m2\repository\org\apache\maven\maven-api-model\4.0.0-alpha-7\maven-api-model-4.0.0-alpha-7.jar;C:\Users\gupta\.m2\repository\org\apache\maven\maven-api-xml\4.0.0-alpha-7\maven-api-xml-4.0.0-alpha-7.jar;C:\Users\gupta\.m2\repository\org\apache\maven\maven-xml-impl\4.0.0-alpha-7\maven-xml-impl-4.0.0-alpha-7.jar;C:\Users\gupta\.m2\repository\org\codehaus\plexus\plexus-xml\4.0.1\plexus-xml-4.0.1.jar;C:\Users\gupta\.m2\repository\org\apache\maven\maven-settings\4.0.0-alpha-7\maven-settings-4.0.0-alpha-7.jar;C:\Users\gupta\.m2\repository\org\apache\maven\maven-api-settings\4.0.0-alpha-7\maven-api-settings-4.0.0-alpha-7.jar;C:\Users\gupta\.m2\repository\org\apache\maven\maven-settings-builder\4.0.0-alpha-7\maven-settings-builder-4.0.0-alpha-7.jar;C:\Users\gupta\.m2\repository\org\apache\maven\maven-builder-support\4.0.0-alpha-7\maven-builder-support-4.0.0-alpha-7.jar;C:\Users\gupta\.m2\repository\org\codehaus\plexus\plexus-sec-dispatcher\2.0\plexus-sec-dispatcher-2.0.jar;C:\Users\gupta\.m2\repository\org\codehaus\plexus\plexus-cipher\2.0\plexus-cipher-2.0.jar;C:\Users\gupta\.m2\repository\org\apache\maven\maven-toolchain-model\4.0.0-alpha-7\maven-toolchain-model-4.0.0-alpha-7.jar;C:\Users\gupta\.m2\repository\org\apache\maven\maven-api-toolchain\4.0.0-alpha-7\maven-api-toolchain-4.0.0-alpha-7.jar;C:\Users\gupta\.m2\repository\org\apache\maven\maven-toolchain-builder\4.0.0-alpha-7\maven-toolchain-builder-4.0.0-alpha-7.jar;C:\Users\gupta\.m2\repository\org\apache\maven\maven-repository-metadata\4.0.0-alpha-7\maven-repository-metadata-4.0.0-alpha-7.jar;C:\Users\gupta\.m2\repository\org\apache\maven\maven-artifact\4.0.0-alpha-7\maven-artifact-4.0.0-alpha-7.jar;C:\Users\gupta\.m2\repository\org\apache\maven\maven-plugin-api\4.0.0-alpha-7\maven-plugin-api-4.0.0-alpha-7.jar;C:\Users\gupta\.m2\repository\org\apache\maven\maven-model-builder\4.0.0-alpha-7\maven-model-builder-4.0.0-alpha-7.jar;C:\Users\gupta\.m2\repository\org\apache\maven\maven-model-transform\4.0.0-alpha-7\maven-model-transform-4.0.0-alpha-7.jar;C:\Users\gupta\.m2\repository\org\apache\maven\maven-resolver-provider\4.0.0-alpha-7\maven-resolver-provider-4.0.0-alpha-7.jar;C:\Users\gupta\.m2\repository\org\apache\maven\maven-api-core\4.0.0-alpha-7\maven-api-core-4.0.0-alpha-7.jar;C:\Users\gupta\.m2\repository\org\apache\maven\maven-api-meta\4.0.0-alpha-7\maven-api-meta-4.0.0-alpha-7.jar;C:\Users\gupta\.m2\repository\org\apache\maven\resolver\maven-resolver-impl\1.9.13\maven-resolver-impl-1.9.13.jar;C:\Users\gupta\.m2\repository\org\apache\maven\resolver\maven-resolver-named-locks\1.9.13\maven-resolver-named-locks-1.9.13.jar;C:\Users\gupta\.m2\repository\org\apache\maven\resolver\maven-resolver-api\1.9.13\maven-resolver-api-1.9.13.jar;C:\Users\gupta\.m2\repository\org\apache\maven\resolver\maven-resolver-spi\1.9.13\maven-resolver-spi-1.9.13.jar;C:\Users\gupta\.m2\repository\org\apache\maven\resolver\maven-resolver-util\1.9.13\maven-resolver-util-1.9.13.jar;C:\Users\gupta\.m2\repository\org\eclipse\sisu\org.eclipse.sisu.plexus\0.9.0.M2\org.eclipse.sisu.plexus-0.9.0.M2.jar;C:\Users\gupta\.m2\repository\javax\annotation\javax.annotation-api\1.2\javax.annotation-api-1.2.jar;C:\Users\gupta\.m2\repository\org\eclipse\sisu\org.eclipse.sisu.inject\0.9.0.M2\org.eclipse.sisu.inject-0.9.0.M2.jar;C:\Users\gupta\.m2\repository\com\google\inject\guice\5.1.0\guice-5.1.0.jar;C:\Users\gupta\.m2\repository\aopalliance\aopalliance\1.0\aopalliance-1.0.jar;C:\Users\gupta\.m2\repository\com\google\guava\failureaccess\1.0.1\failureaccess-1.0.1.jar;C:\Users\gupta\.m2\repository\javax\inject\javax.inject\1\javax.inject-1.jar;C:\Users\gupta\.m2\repository\org\codehaus\plexus\plexus-utils\4.0.0\plexus-utils-4.0.0.jar;C:\Users\gupta\.m2\repository\org\codehaus\plexus\plexus-classworlds\2.6.0\plexus-classworlds-2.6.0.jar;C:\Users\gupta\.m2\repository\org\apache\maven\plugins\maven-surefire-plugin\3.1.2\maven-surefire-plugin-3.1.2.jar;C:\Users\gupta\.m2\repository\org\apache\maven\surefire\maven-surefire-common\3.1.2\maven-surefire-common-3.1.2.jar;C:\Users\gupta\.m2\repository\org\apache\maven\surefire\surefire-api\3.1.2\surefire-api-3.1.2.jar;C:\Users\gupta\.m2\repository\org\apache\maven\surefire\surefire-logger-api\3.1.2\surefire-logger-api-3.1.2.jar;C:\Users\gupta\.m2\repository\org\apache\maven\surefire\surefire-extensions-api\3.1.2\surefire-extensions-api-3.1.2.jar;C:\Users\gupta\.m2\repository\org\apache\maven\surefire\surefire-booter\3.1.2\surefire-booter-3.1.2.jar;C:\Users\gupta\.m2\repository\org\apache\maven\surefire\surefire-extensions-spi\3.1.2\surefire-extensions-spi-3.1.2.jar;C:\Users\gupta\.m2\repository\org\apache\maven\shared\maven-common-artifact-filters\3.1.1\maven-common-artifact-filters-3.1.1.jar;C:\Users\gupta\.m2\repository\org\apache\maven\surefire\surefire-shared-utils\3.1.2\surefire-shared-utils-3.1.2.jar;C:\Users\gupta\.m2\repository\org\hamcrest\java-hamcrest\2.0.0.0\java-hamcrest-2.0.0.0.jar;C:\Users\gupta\.m2\repository\org\hamcrest\hamcrest-all\1.3\hamcrest-all-1.3.jar;C:\Users\gupta\.m2\repository\org\apache\maven\plugins\maven-clean-plugin\3.3.1\maven-clean-plugin-3.3.1.jar;C:\Users\gupta\.m2\repository\org\apache\maven\plugins\maven-jar-plugin\3.3.0\maven-jar-plugin-3.3.0.jar;C:\Users\gupta\.m2\repository\org\apache\maven\shared\file-management\3.1.0\file-management-3.1.0.jar;C:\Users\gupta\.m2\repository\org\apache\maven\maven-archiver\3.6.0\maven-archiver-3.6.0.jar;C:\Users\gupta\.m2\repository\org\codehaus\plexus\plexus-io\3.4.0\plexus-io-3.4.0.jar;C:\Users\gupta\.m2\repository\org\apache\maven\plugins\maven-install-plugin\3.1.1\maven-install-plugin-3.1.1.jar;C:\Users\gupta\.m2\repository\org\eclipse\aether\aether-util\1.0.0.v20140518\aether-util-1.0.0.v20140518.jar;C:\Users\gupta\.m2\repository\org\eclipse\aether\aether-api\1.0.0.v20140518\aether-api-1.0.0.v20140518.jar;C:\Users\gupta\.m2\repository\org\apache\maven\plugins\maven-deploy-plugin\3.1.1\maven-deploy-plugin-3.1.1.jar;C:\Users\gupta\.m2\repository\org\apache\maven\plugins\maven-site-plugin\4.0.0-M10\maven-site-plugin-4.0.0-M10.jar;C:\Users\gupta\.m2\repository\org\apache\maven\reporting\maven-reporting-api\4.0.0-M7\maven-reporting-api-4.0.0-M7.jar;C:\Users\gupta\.m2\repository\org\apache\maven\reporting\maven-reporting-exec\2.0.0-M10\maven-reporting-exec-2.0.0-M10.jar;C:\Users\gupta\.m2\repository\org\codehaus\plexus\plexus-archiver\4.8.0\plexus-archiver-4.8.0.jar;C:\Users\gupta\.m2\repository\org\iq80\snappy\snappy\0.4\snappy-0.4.jar;C:\Users\gupta\.m2\repository\org\tukaani\xz\1.9\xz-1.9.jar;C:\Users\gupta\.m2\repository\org\codehaus\plexus\plexus-i18n\1.0-beta-10\plexus-i18n-1.0-beta-10.jar;C:\Users\gupta\.m2\repository\org\apache\maven\doxia\doxia-sink-api\2.0.0-M7\doxia-sink-api-2.0.0-M7.jar;C:\Users\gupta\.m2\repository\org\apache\maven\doxia\doxia-core\2.0.0-M7\doxia-core-2.0.0-M7.jar;C:\Users\gupta\.m2\repository\org\apache\maven\doxia\doxia-module-xhtml5\2.0.0-M7\doxia-module-xhtml5-2.0.0-M7.jar;C:\Users\gupta\.m2\repository\org\apache\maven\doxia\doxia-module-apt\2.0.0-M7\doxia-module-apt-2.0.0-M7.jar;C:\Users\gupta\.m2\repository\org\apache\maven\doxia\doxia-module-xdoc\2.0.0-M7\doxia-module-xdoc-2.0.0-M7.jar;C:\Users\gupta\.m2\repository\org\apache\maven\doxia\doxia-module-fml\2.0.0-M7\doxia-module-fml-2.0.0-M7.jar;C:\Users\gupta\.m2\repository\org\apache\maven\doxia\doxia-module-markdown\2.0.0-M7\doxia-module-markdown-2.0.0-M7.jar;C:\Users\gupta\.m2\repository\com\vladsch\flexmark\flexmark\0.62.2\flexmark-0.62.2.jar;C:\Users\gupta\.m2\repository\com\vladsch\flexmark\flexmark-util-builder\0.62.2\flexmark-util-builder-0.62.2.jar;C:\Users\gupta\.m2\repository\com\vladsch\flexmark\flexmark-util-collection\0.62.2\flexmark-util-collection-0.62.2.jar;C:\Users\gupta\.m2\repository\com\vladsch\flexmark\flexmark-util-dependency\0.62.2\flexmark-util-dependency-0.62.2.jar;C:\Users\gupta\.m2\repository\com\vladsch\flexmark\flexmark-util-format\0.62.2\flexmark-util-format-0.62.2.jar;C:\Users\gupta\.m2\repository\com\vladsch\flexmark\flexmark-util-html\0.62.2\flexmark-util-html-0.62.2.jar;C:\Users\gupta\.m2\repository\com\vladsch\flexmark\flexmark-util-visitor\0.62.2\flexmark-util-visitor-0.62.2.jar;C:\Users\gupta\.m2\repository\com\vladsch\flexmark\flexmark-util-data\0.62.2\flexmark-util-data-0.62.2.jar;C:\Users\gupta\.m2\repository\com\vladsch\flexmark\flexmark-util-misc\0.62.2\flexmark-util-misc-0.62.2.jar;C:\Users\gupta\.m2\repository\com\vladsch\flexmark\flexmark-util-sequence\0.62.2\flexmark-util-sequence-0.62.2.jar;C:\Users\gupta\.m2\repository\com\vladsch\flexmark\flexmark-util-ast\0.62.2\flexmark-util-ast-0.62.2.jar;C:\Users\gupta\.m2\repository\com\vladsch\flexmark\flexmark-ext-abbreviation\0.62.2\flexmark-ext-abbreviation-0.62.2.jar;C:\Users\gupta\.m2\repository\com\vladsch\flexmark\flexmark-util\0.62.2\flexmark-util-0.62.2.jar;C:\Users\gupta\.m2\repository\com\vladsch\flexmark\flexmark-util-options\0.62.2\flexmark-util-options-0.62.2.jar;C:\Users\gupta\.m2\repository\com\vladsch\flexmark\flexmark-ext-autolink\0.62.2\flexmark-ext-autolink-0.62.2.jar;C:\Users\gupta\.m2\repository\org\nibor\autolink\autolink\0.6.0\autolink-0.6.0.jar;C:\Users\gupta\.m2\repository\com\vladsch\flexmark\flexmark-ext-definition\0.62.2\flexmark-ext-definition-0.62.2.jar;C:\Users\gupta\.m2\repository\com\vladsch\flexmark\flexmark-ext-escaped-character\0.62.2\flexmark-ext-escaped-character-0.62.2.jar;C:\Users\gupta\.m2\repository\com\vladsch\flexmark\flexmark-ext-gfm-strikethrough\0.62.2\flexmark-ext-gfm-strikethrough-0.62.2.jar;C:\Users\gupta\.m2\repository\com\vladsch\flexmark\flexmark-ext-tables\0.62.2\flexmark-ext-tables-0.62.2.jar;C:\Users\gupta\.m2\repository\com\vladsch\flexmark\flexmark-ext-typographic\0.62.2\flexmark-ext-typographic-0.62.2.jar;C:\Users\gupta\.m2\repository\com\vladsch\flexmark\flexmark-ext-wikilink\0.62.2\flexmark-ext-wikilink-0.62.2.jar;C:\Users\gupta\.m2\repository\com\vladsch\flexmark\flexmark-ext-yaml-front-matter\0.62.2\flexmark-ext-yaml-front-matter-0.62.2.jar;C:\Users\gupta\.m2\repository\org\jetbrains\annotations\15.0\annotations-15.0.jar;C:\Users\gupta\.m2\repository\org\apache\maven\doxia\doxia-site-model\2.0.0-M12\doxia-site-model-2.0.0-M12.jar;C:\Users\gupta\.m2\repository\org\apache\maven\doxia\doxia-site-renderer\2.0.0-M12\doxia-site-renderer-2.0.0-M12.jar;C:\Users\gupta\.m2\repository\org\apache\maven\doxia\doxia-skin-model\2.0.0-M12\doxia-skin-model-2.0.0-M12.jar;C:\Users\gupta\.m2\repository\org\codehaus\plexus\plexus-velocity\2.0\plexus-velocity-2.0.jar;C:\Users\gupta\.m2\repository\org\apache\velocity\velocity-engine-core\2.3\velocity-engine-core-2.3.jar;C:\Users\gupta\.m2\repository\org\apache\velocity\tools\velocity-tools-generic\3.1\velocity-tools-generic-3.1.jar;C:\Users\gupta\.m2\repository\commons-beanutils\commons-beanutils\1.9.4\commons-beanutils-1.9.4.jar;C:\Users\gupta\.m2\repository\org\apache\commons\commons-digester3\3.2\commons-digester3-3.2.jar;C:\Users\gupta\.m2\repository\com\github\cliftonlabs\json-simple\3.0.2\json-simple-3.0.2.jar;C:\Users\gupta\.m2\repository\org\apache\maven\doxia\doxia-integration-tools\2.0.0-M12\doxia-integration-tools-2.0.0-M12.jar;C:\Users\gupta\.m2\repository\org\eclipse\jetty\jetty-http\9.4.51.v20230217\jetty-http-9.4.51.v20230217.jar;C:\Users\gupta\.m2\repository\org\eclipse\jetty\jetty-servlet\9.4.51.v20230217\jetty-servlet-9.4.51.v20230217.jar;C:\Users\gupta\.m2\repository\org\eclipse\jetty\jetty-security\9.4.51.v20230217\jetty-security-9.4.51.v20230217.jar;C:\Users\gupta\.m2\repository\org\eclipse\jetty\jetty-util-ajax\9.4.51.v20230217\jetty-util-ajax-9.4.51.v20230217.jar;C:\Users\gupta\.m2\repository\org\eclipse\jetty\jetty-util\9.4.51.v20230217\jetty-util-9.4.51.v20230217.jar;C:\Users\gupta\.m2\repository\org\apache\maven\maven-project\3.0-alpha-2\maven-project-3.0-alpha-2.jar;C:\Users\gupta\.m2\repository\org\codehaus\plexus\plexus-interpolation\1.1\plexus-interpolation-1.1.jar;C:\Users\gupta\.m2\repository\org\apache\maven\maven-compat\3.0-alpha-2\maven-compat-3.0-alpha-2.jar;C:\Users\gupta\.m2\repository\org\apache\maven\wagon\wagon-provider-api\1.0-beta-4\wagon-provider-api-1.0-beta-4.jar;C:\Users\gupta\.m2\repository\org\codehaus\plexus\plexus-container-default\1.0-beta-3.0.5\plexus-container-default-1.0-beta-3.0.5.jar;C:\Users\gupta\.m2\repository\org\apache\xbean\xbean-reflect\3.4\xbean-reflect-3.4.jar;C:\Users\gupta\.m2\repository\commons-logging\commons-logging-api\1.1\commons-logging-api-1.1.jar;C:\Users\gupta\.m2\repository\com\google\code\google-collections\google-collect\snapshot-20080530\google-collect-snapshot-20080530.jar;C:\Users\gupta\.m2\repository\junit\junit\3.8.2\junit-3.8.2.jar;C:\Users\gupta\.m2\repository\org\codehaus\woodstox\wstx-asl\3.2.6\wstx-asl-3.2.6.jar;C:\Users\gupta\.m2\repository\stax\stax-api\1.0.1\stax-api-1.0.1.jar;C:\Users\gupta\.m2\repository\org\sonatype\spice\model-builder\1.3\model-builder-1.3.jar;C:\Users\gupta\.m2\repository\org\apache\maven\maven-project-builder\3.0-alpha-2\maven-project-builder-3.0-alpha-2.jar;C:\Users\gupta\.m2\repository\org\hamcrest\hamcrest-library\2.2\hamcrest-library-2.2.jar;C:\Users\gupta\.m2\repository\org\hamcrest\hamcrest-core\2.2\hamcrest-core-2.2.jar;C:\Users\gupta\.m2\repository\org\json\org.json\chargebee-1.0\org.json-chargebee-1.0.jar;C:\Users\gupta\.m2\repository\org\apache\poi\poi-scratchpad\5.2.4\poi-scratchpad-5.2.4.jar;C:\Users\gupta\.m2\repository\org\apache\poi\poi\5.2.4\poi-5.2.4.jar;C:\Users\gupta\.m2\repository\com\zaxxer\SparseBitSet\1.3\SparseBitSet-1.3.jar;C:\Users\gupta\.m2\repository\org\apache\poi\poi-ooxml\5.2.4\poi-ooxml-5.2.4.jar;C:\Users\gupta\.m2\repository\org\apache\poi\poi-ooxml-lite\5.2.4\poi-ooxml-lite-5.2.4.jar;C:\Users\gupta\.m2\repository\com\github\virtuald\curvesapi\1.08\curvesapi-1.08.jar;C:\Users\gupta\.m2\repository\org\apache\poi\openxml4j\1.0-beta\openxml4j-1.0-beta.jar;C:\Users\gupta\.m2\repository\dom4j\dom4j\1.6.1\dom4j-1.6.1.jar;C:\Users\gupta\.m2\repository\xml-apis\xml-apis\1.0.b2\xml-apis-1.0.b2.jar;C:\Users\gupta\.m2\repository\log4j\log4j\1.2.8\log4j-1.2.8.jar;C:\Users\gupta\.m2\repository\commons-io\commons-io\2.14.0\commons-io-2.14.0.jar;C:\Users\gupta\.m2\repository\com\github\pjfanning\excel-streaming-reader\4.0.4\excel-streaming-reader-4.0.4.jar;C:\Users\gupta\.m2\repository\com\github\pjfanning\poi-shared-strings\2.5.5\poi-shared-strings-2.5.5.jar;C:\Users\gupta\.m2\repository\com\h2database\h2\2.1.214\h2-2.1.214.jar;C:\Users\gupta\.m2\repository\org\apache\xmlbeans\xmlbeans\5.1.1\xmlbeans-5.1.1.jar;C:\Users\gupta\.m2\repository\org\apache\httpcomponents\fluent-hc\4.5.14\fluent-hc-4.5.14.jar;C:\Users\gupta\.m2\repository\commons-logging\commons-logging\1.2\commons-logging-1.2.jar;"/>
    <property name="sun.cpu.endian" value="little"/>
    <property name="user.home" value="C:\Users\gupta"/>
    <property name="user.language" value="en"/>
    <property name="java.specification.vendor" value="Oracle Corporation"/>
    <property name="java.version.date" value="2023-09-19"/>
    <property name="java.home" value="C:\Program Files\Java\jdk-21"/>
    <property name="file.separator" value="\"/>
    <property name="basedir" value="C:\Users\gupta\eclipse-workspace\priyanka\myframework"/>
    <property name="java.vm.compressedOopsMode" value="Zero based"/>
    <property name="line.separator" value="&#10;"/>
    <property name="java.vm.specification.vendor" value="Oracle Corporation"/>
    <property name="java.specification.name" value="Java Platform API Specification"/>
    <property name="surefire.real.class.path" value="C:\Users\gupta\AppData\Local\Temp\surefire6167428470151295081\surefirebooter-20231025122627154_3.jar"/>
    <property name="user.script" value=""/>
    <property name="sun.management.compiler" value="HotSpot 64-Bit Tiered Compilers"/>
    <property name="java.runtime.version" value="21+35-LTS-2513"/>
    <property name="user.name" value="gupta"/>
    <property name="stdout.encoding" value="Cp1252"/>
    <property name="path.separator" value=";"/>
    <property name="os.version" value="10.0"/>
    <property name="java.runtime.name" value="Java(TM) SE Runtime Environment"/>
    <property name="file.encoding" value="UTF-8"/>
    <property name="java.vm.name" value="Java HotSpot(TM) 64-Bit Server VM"/>
    <property name="localRepository" value="C:\Users\gupta\.m2\repository"/>
    <property name="java.vendor.url.bug" value="https://bugreport.java.com/bugreport/"/>
    <property name="java.io.tmpdir" value="C:\Users\gupta\AppData\Local\Temp\"/>
    <property name="java.version" value="21"/>
    <property name="user.dir" value="C:\Users\gupta\eclipse-workspace\priyanka\myframework"/>
    <property name="os.arch" value="amd64"/>
    <property name="java.vm.specification.name" value="Java Virtual Machine Specification"/>
    <property name="sun.os.patch.level" value=""/>
    <property name="native.encoding" value="Cp1252"/>
    <property name="java.library.path" value="C:\Program Files\Java\jdk-21\bin;C:\WINDOWS\Sun\Java\bin;C:\WINDOWS\system32;C:\WINDOWS;C:\Program Files\Common Files\Oracle\Java\javapath;C:\WINDOWS\system32;C:\WINDOWS;C:\WINDOWS\System32\Wbem;C:\WINDOWS\System32\WindowsPowerShell\v1.0\;C:\WINDOWS\System32\OpenSSH\;C:\apache-maven-3.9.5\bin;;."/>
    <property name="java.vm.info" value="mixed mode, sharing"/>
    <property name="stderr.encoding" value="Cp1252"/>
    <property name="java.vendor" value="Oracle Corporation"/>
    <property name="java.vm.version" value="21+35-LTS-2513"/>
    <property name="sun.io.unicode.encoding" value="UnicodeLittle"/>
    <property name="java.class.version" value="65.0"/>
  </properties>
  <testcase name="create" classname="Testcases.Testcases" time="1.918">
    <system-err><![CDATA[SLF4J: Failed to load class "org.slf4j.impl.StaticLoggerBinder".
SLF4J: Defaulting to no-operation (NOP) logger implementation
SLF4J: See http://www.slf4j.org/codes.html#StaticLoggerBinder for further details.
]]></system-err>
  </testcase>
  <testcase name="getwala" classname="Testcases.Testcases" time="0.497">
    <system-out><![CDATA[HTTP/1.1 200 OK
Date: Wed, 25 Oct 2023 06:56:29 GMT
Content-Type: application/json; charset=utf-8
Transfer-Encoding: chunked
Connection: keep-alive
X-Powered-By: Express
Access-Control-Allow-Origin: *
Etag: W/"118-P3iKcVpIgCj9HqYeOOrGLX8qJVc"
Via: 1.1 vegur
Cache-Control: max-age=14400
CF-Cache-Status: REVALIDATED
Report-To: {"endpoints":[{"url":"https:\/\/a.nel.cloudflare.com\/report\/v3?s=EdqnRX9RxNv27ShxgkGOohquvnSfWNTKM3bsYEpjhOi%2F%2F9TKOgHC%2F57VKAjKGBBVMzr%2F5k1TSq7dNAr%2BSH8dyFBRP8ojVR8SazCXn3Ubx2rJLPR%2FGRFPYnuR1A%3D%3D"}],"group":"cf-nel","max_age":604800}
NEL: {"success_fraction":0,"report_to":"cf-nel","max_age":604800}
Vary: Accept-Encoding
Server: cloudflare
CF-RAY: 81b88f588bcf3cc4-BOM
Content-Encoding: gzip

{
    "data": {
        "id": 1,
        "email": "george.bluth@reqres.in",
        "first_name": "George",
        "last_name": "Bluth",
        "avatar": "https://reqres.in/img/faces/1-image.jpg"
    },
    "support": {
        "url": "https://reqres.in/#support-heading",
        "text": "To keep ReqRes free, contributions towards server costs are appreciated!"
    }
}
]]></system-out>
  </testcase>
</testsuite>